2023-04-16T15:41:23,982 Using pip 23.0.1 from /Users/calvineng/opt/anaconda3/lib/python3.9/site-packages/pip (python 3.9)
2023-04-16T15:41:23,983 Non-user install because site-packages writeable
2023-04-16T15:41:24,163 Created temporary directory: /private/var/folders/dg/lfh0pr6s18l0t4hm_q6nnb_m0000gn/T/pip-build-tracker-wg6f0141
2023-04-16T15:41:24,163 Initialized build tracking at /private/var/folders/dg/lfh0pr6s18l0t4hm_q6nnb_m0000gn/T/pip-build-tracker-wg6f0141
2023-04-16T15:41:24,163 Created build tracker: /private/var/folders/dg/lfh0pr6s18l0t4hm_q6nnb_m0000gn/T/pip-build-tracker-wg6f0141
2023-04-16T15:41:24,163 Entered build tracker: /private/var/folders/dg/lfh0pr6s18l0t4hm_q6nnb_m0000gn/T/pip-build-tracker-wg6f0141
2023-04-16T15:41:24,163 Created temporary directory: /private/var/folders/dg/lfh0pr6s18l0t4hm_q6nnb_m0000gn/T/pip-install-phprflvc
2023-04-16T15:41:24,164 Created temporary directory: /private/var/folders/dg/lfh0pr6s18l0t4hm_q6nnb_m0000gn/T/pip-ephem-wheel-cache-q0zqwdzs
2023-04-16T15:41:24,170 1 location(s) to search for versions of neuralcoref:
2023-04-16T15:41:24,170 * https://pypi.org/simple/neuralcoref/
2023-04-16T15:41:24,170 Fetching project page and analyzing links: https://pypi.org/simple/neuralcoref/
2023-04-16T15:41:24,170 Getting page https://pypi.org/simple/neuralcoref/
2023-04-16T15:41:24,170 Found index url https://pypi.org/simple
2023-04-16T15:41:24,338 Fetched page https://pypi.org/simple/neuralcoref/ as application/vnd.pypi.simple.v1+json
2023-04-16T15:41:24,343   Skipping link: none of the wheel's tags (cp36-cp36m-macosx_10_7_x86_64) are compatible (run pip debug --verbose to show compatible tags): https://files.pythonhosted.org/packages/c0/17/63d58ad7953f7561e1495cf3f1a7d391bec30f9df592a422c6b64cd782af/neuralcoref-3.1-cp36-cp36m-macosx_10_7_x86_64.whl (from https://pypi.org/simple/neuralcoref/)
2023-04-16T15:41:24,343   Found link https://files.pythonhosted.org/packages/c9/a9/8696843245c6e47e6cf0d73f7e9de58eded336c1b53eef771946a2e9647b/neuralcoref-3.1.tar.gz (from https://pypi.org/simple/neuralcoref/), version: 3.1
2023-04-16T15:41:24,344   Skipping link: none of the wheel's tags (cp35-cp35m-macosx_10_6_x86_64) are compatible (run pip debug --verbose to show compatible tags): https://files.pythonhosted.org/packages/57/6d/9919fda4a18c93daccdbf7f71c0173ecff536db32429fdb80d455360d3bf/neuralcoref-3.9-cp35-cp35m-macosx_10_6_x86_64.whl (from https://pypi.org/simple/neuralcoref/) (requires-python:>=2.7,!=3.0.*,!=3.1.*,!=3.2.*,!=3.3.*)
2023-04-16T15:41:24,344   Skipping link: none of the wheel's tags (cp35-cp35m-manylinux1_x86_64) are compatible (run pip debug --verbose to show compatible tags): https://files.pythonhosted.org/packages/8c/27/a65207765a4eb6b4b257c1f17e4f95499c7a39bfbf7322f1ada60ffd2e1c/neuralcoref-3.9-cp35-cp35m-manylinux1_x86_64.whl (from https://pypi.org/simple/neuralcoref/) (requires-python:>=2.7,!=3.0.*,!=3.1.*,!=3.2.*,!=3.3.*)
2023-04-16T15:41:24,344   Skipping link: none of the wheel's tags (cp35-cp35m-win_amd64) are compatible (run pip debug --verbose to show compatible tags): https://files.pythonhosted.org/packages/c9/32/82b877edc4757c62d6fa9c8554d2c434bc0c21082701c6a6f087dab07ef0/neuralcoref-3.9-cp35-cp35m-win_amd64.whl (from https://pypi.org/simple/neuralcoref/) (requires-python:>=2.7,!=3.0.*,!=3.1.*,!=3.2.*,!=3.3.*)
2023-04-16T15:41:24,345   Skipping link: none of the wheel's tags (cp36-cp36m-macosx_10_10_intel, cp36-cp36m-macosx_10_10_x86_64, cp36-cp36m-macosx_10_6_intel, cp36-cp36m-macosx_10_9_intel, cp36-cp36m-macosx_10_9_x86_64) are compatible (run pip debug --verbose to show compatible tags): https://files.pythonhosted.org/packages/3e/e1/12039e80878d521dfec19164f35b1e49188dd1cc0782deb0e57e163bef16/neuralcoref-3.9-cp36-cp36m-macosx_10_6_intel.macosx_10_9_intel.macosx_10_9_x86_64.macosx_10_10_intel.macosx_10_10_x86_64.whl (from https://pypi.org/simple/neuralcoref/) (requires-python:>=2.7,!=3.0.*,!=3.1.*,!=3.2.*,!=3.3.*)
2023-04-16T15:41:24,345   Skipping link: none of the wheel's tags (cp36-cp36m-manylinux1_x86_64) are compatible (run pip debug --verbose to show compatible tags): https://files.pythonhosted.org/packages/80/1b/562dda33e9d8f4b4c6fe55f649aa7ec566305f024b95d0f160d7e6b7fc29/neuralcoref-3.9-cp36-cp36m-manylinux1_x86_64.whl (from https://pypi.org/simple/neuralcoref/) (requires-python:>=2.7,!=3.0.*,!=3.1.*,!=3.2.*,!=3.3.*)
2023-04-16T15:41:24,345   Skipping link: none of the wheel's tags (cp36-cp36m-win_amd64) are compatible (run pip debug --verbose to show compatible tags): https://files.pythonhosted.org/packages/3e/db/d4ff591ea87f28dd9d86d1dd749cad505be0a0b88e4e43da33db454fcf04/neuralcoref-3.9-cp36-cp36m-win_amd64.whl (from https://pypi.org/simple/neuralcoref/) (requires-python:>=2.7,!=3.0.*,!=3.1.*,!=3.2.*,!=3.3.*)
2023-04-16T15:41:24,345   Skipping link: none of the wheel's tags (cp37-cp37m-macosx_10_10_intel, cp37-cp37m-macosx_10_10_x86_64, cp37-cp37m-macosx_10_6_intel, cp37-cp37m-macosx_10_9_intel, cp37-cp37m-macosx_10_9_x86_64) are compatible (run pip debug --verbose to show compatible tags): https://files.pythonhosted.org/packages/c5/35/beebe615c3015afd2ec7f2e37b6b7a246838961f7cc9e4aab82aea9e77e8/neuralcoref-3.9-cp37-cp37m-macosx_10_6_intel.macosx_10_9_intel.macosx_10_9_x86_64.macosx_10_10_intel.macosx_10_10_x86_64.whl (from https://pypi.org/simple/neuralcoref/) (requires-python:>=2.7,!=3.0.*,!=3.1.*,!=3.2.*,!=3.3.*)
2023-04-16T15:41:24,346   Skipping link: none of the wheel's tags (cp37-cp37m-manylinux1_x86_64) are compatible (run pip debug --verbose to show compatible tags): https://files.pythonhosted.org/packages/e3/38/451ac5f0a1e0a1713b9069972b08e1258caf9393220ade1a08e8dd835380/neuralcoref-3.9-cp37-cp37m-manylinux1_x86_64.whl (from https://pypi.org/simple/neuralcoref/) (requires-python:>=2.7,!=3.0.*,!=3.1.*,!=3.2.*,!=3.3.*)
2023-04-16T15:41:24,346   Skipping link: none of the wheel's tags (cp37-cp37m-win_amd64) are compatible (run pip debug --verbose to show compatible tags): https://files.pythonhosted.org/packages/56/b9/86577eb3fbe7d35732039e4784d9e3c3e5315e9d3a8fd120899472861b98/neuralcoref-3.9-cp37-cp37m-win_amd64.whl (from https://pypi.org/simple/neuralcoref/) (requires-python:>=2.7,!=3.0.*,!=3.1.*,!=3.2.*,!=3.3.*)
2023-04-16T15:41:24,346   Found link https://files.pythonhosted.org/packages/4d/5d/fa44602084236dc5fa1ac3d8c37a65d8fa0c32a2db2897261e296ed81a1e/neuralcoref-3.9.tar.gz (from https://pypi.org/simple/neuralcoref/) (requires-python:>=2.7,!=3.0.*,!=3.1.*,!=3.2.*,!=3.3.*), version: 3.9
2023-04-16T15:41:24,347   Skipping link: none of the wheel's tags (cp35-cp35m-manylinux1_x86_64) are compatible (run pip debug --verbose to show compatible tags): https://files.pythonhosted.org/packages/bd/e2/31ff1a311a6038e6ceb27da1cb744800c65e4a01423a51c0ede68713506c/neuralcoref-4.0-cp35-cp35m-manylinux1_x86_64.whl (from https://pypi.org/simple/neuralcoref/) (requires-python:>=2.7,!=3.0.*,!=3.1.*,!=3.2.*,!=3.3.*)
2023-04-16T15:41:24,347   Skipping link: none of the wheel's tags (cp35-cp35m-win_amd64) are compatible (run pip debug --verbose to show compatible tags): https://files.pythonhosted.org/packages/ac/80/8abb8983da294947c0a99c5e6abf69d278158ce9e3e42383282f85242e5e/neuralcoref-4.0-cp35-cp35m-win_amd64.whl (from https://pypi.org/simple/neuralcoref/) (requires-python:>=2.7,!=3.0.*,!=3.1.*,!=3.2.*,!=3.3.*)
2023-04-16T15:41:24,347   Skipping link: none of the wheel's tags (cp36-cp36m-macosx_10_10_intel, cp36-cp36m-macosx_10_10_x86_64, cp36-cp36m-macosx_10_6_intel, cp36-cp36m-macosx_10_9_intel, cp36-cp36m-macosx_10_9_x86_64) are compatible (run pip debug --verbose to show compatible tags): https://files.pythonhosted.org/packages/bc/ec/9bc5129f6b50ddbd888100721175e57ba5de919d20a3286fbb99a60c1954/neuralcoref-4.0-cp36-cp36m-macosx_10_6_intel.macosx_10_9_intel.macosx_10_9_x86_64.macosx_10_10_intel.macosx_10_10_x86_64.whl (from https://pypi.org/simple/neuralcoref/) (requires-python:>=2.7,!=3.0.*,!=3.1.*,!=3.2.*,!=3.3.*)
2023-04-16T15:41:24,347   Skipping link: none of the wheel's tags (cp36-cp36m-manylinux1_x86_64) are compatible (run pip debug --verbose to show compatible tags): https://files.pythonhosted.org/packages/ea/24/0ec7845a5b73b637aa691ff4d1b9b48f3a0f3369f4002a59ffd7a7462fdb/neuralcoref-4.0-cp36-cp36m-manylinux1_x86_64.whl (from https://pypi.org/simple/neuralcoref/) (requires-python:>=2.7,!=3.0.*,!=3.1.*,!=3.2.*,!=3.3.*)
2023-04-16T15:41:24,348   Skipping link: none of the wheel's tags (cp36-cp36m-win_amd64) are compatible (run pip debug --verbose to show compatible tags): https://files.pythonhosted.org/packages/91/32/7aee3382b6980aefe9d5c112b5b4531df54e3bad931db34ce3a094e53d78/neuralcoref-4.0-cp36-cp36m-win_amd64.whl (from https://pypi.org/simple/neuralcoref/) (requires-python:>=2.7,!=3.0.*,!=3.1.*,!=3.2.*,!=3.3.*)
2023-04-16T15:41:24,348   Skipping link: none of the wheel's tags (cp37-cp37m-macosx_10_10_intel, cp37-cp37m-macosx_10_10_x86_64, cp37-cp37m-macosx_10_6_intel, cp37-cp37m-macosx_10_9_intel, cp37-cp37m-macosx_10_9_x86_64) are compatible (run pip debug --verbose to show compatible tags): https://files.pythonhosted.org/packages/88/ed/1828b1015b62e938b267d5da781bd9a8f4370b518b0e6e5520935c84a577/neuralcoref-4.0-cp37-cp37m-macosx_10_6_intel.macosx_10_9_intel.macosx_10_9_x86_64.macosx_10_10_intel.macosx_10_10_x86_64.whl (from https://pypi.org/simple/neuralcoref/) (requires-python:>=2.7,!=3.0.*,!=3.1.*,!=3.2.*,!=3.3.*)
2023-04-16T15:41:24,348   Skipping link: none of the wheel's tags (cp37-cp37m-manylinux1_x86_64) are compatible (run pip debug --verbose to show compatible tags): https://files.pythonhosted.org/packages/06/6d/c90e5bfd1b8ef32f1b231a32f2f625bf33df7525324d2bbcd08992791d64/neuralcoref-4.0-cp37-cp37m-manylinux1_x86_64.whl (from https://pypi.org/simple/neuralcoref/) (requires-python:>=2.7,!=3.0.*,!=3.1.*,!=3.2.*,!=3.3.*)
2023-04-16T15:41:24,348   Skipping link: none of the wheel's tags (cp37-cp37m-win_amd64) are compatible (run pip debug --verbose to show compatible tags): https://files.pythonhosted.org/packages/51/30/513e85d805a6d652868f74ce5579a00490491944745c705067a041bef8f1/neuralcoref-4.0-cp37-cp37m-win_amd64.whl (from https://pypi.org/simple/neuralcoref/) (requires-python:>=2.7,!=3.0.*,!=3.1.*,!=3.2.*,!=3.3.*)
2023-04-16T15:41:24,349   Found link https://files.pythonhosted.org/packages/0c/40/8db3db763077fe80b71859f57731261aeb03cc624635f97a3bcfe55ab37b/neuralcoref-4.0.tar.gz (from https://pypi.org/simple/neuralcoref/) (requires-python:>=2.7,!=3.0.*,!=3.1.*,!=3.2.*,!=3.3.*), version: 4.0
2023-04-16T15:41:24,349 Skipping link: not a file: https://pypi.org/simple/neuralcoref/
2023-04-16T15:41:24,349 Given no hashes to check 3 links for project 'neuralcoref': discarding no candidates
2023-04-16T15:41:24,353 Collecting neuralcoref
2023-04-16T15:41:24,353   Created temporary directory: /private/var/folders/dg/lfh0pr6s18l0t4hm_q6nnb_m0000gn/T/pip-unpack-l964hipw
2023-04-16T15:41:24,366   Using cached neuralcoref-4.0.tar.gz (368 kB)
2023-04-16T15:41:24,393   Added neuralcoref from https://files.pythonhosted.org/packages/0c/40/8db3db763077fe80b71859f57731261aeb03cc624635f97a3bcfe55ab37b/neuralcoref-4.0.tar.gz to build tracker '/private/var/folders/dg/lfh0pr6s18l0t4hm_q6nnb_m0000gn/T/pip-build-tracker-wg6f0141'
2023-04-16T15:41:24,394   Running setup.py (path:/private/var/folders/dg/lfh0pr6s18l0t4hm_q6nnb_m0000gn/T/pip-install-phprflvc/neuralcoref_6f73f17fcaa2405e98dad5148eecca84/setup.py) egg_info for package neuralcoref
2023-04-16T15:41:24,394   Created temporary directory: /private/var/folders/dg/lfh0pr6s18l0t4hm_q6nnb_m0000gn/T/pip-pip-egg-info-fkmdou_o
2023-04-16T15:41:24,394   Running command python setup.py egg_info
2023-04-16T15:41:24,829   running egg_info
2023-04-16T15:41:24,829   creating /private/var/folders/dg/lfh0pr6s18l0t4hm_q6nnb_m0000gn/T/pip-pip-egg-info-fkmdou_o/neuralcoref.egg-info
2023-04-16T15:41:24,839   writing /private/var/folders/dg/lfh0pr6s18l0t4hm_q6nnb_m0000gn/T/pip-pip-egg-info-fkmdou_o/neuralcoref.egg-info/PKG-INFO
2023-04-16T15:41:24,839   writing dependency_links to /private/var/folders/dg/lfh0pr6s18l0t4hm_q6nnb_m0000gn/T/pip-pip-egg-info-fkmdou_o/neuralcoref.egg-info/dependency_links.txt
2023-04-16T15:41:24,840   writing requirements to /private/var/folders/dg/lfh0pr6s18l0t4hm_q6nnb_m0000gn/T/pip-pip-egg-info-fkmdou_o/neuralcoref.egg-info/requires.txt
2023-04-16T15:41:24,840   writing top-level names to /private/var/folders/dg/lfh0pr6s18l0t4hm_q6nnb_m0000gn/T/pip-pip-egg-info-fkmdou_o/neuralcoref.egg-info/top_level.txt
2023-04-16T15:41:24,840   writing manifest file '/private/var/folders/dg/lfh0pr6s18l0t4hm_q6nnb_m0000gn/T/pip-pip-egg-info-fkmdou_o/neuralcoref.egg-info/SOURCES.txt'
2023-04-16T15:41:24,872   reading manifest file '/private/var/folders/dg/lfh0pr6s18l0t4hm_q6nnb_m0000gn/T/pip-pip-egg-info-fkmdou_o/neuralcoref.egg-info/SOURCES.txt'
2023-04-16T15:41:24,872   reading manifest template 'MANIFEST.in'
2023-04-16T15:41:24,873   adding license file 'LICENSE.txt'
2023-04-16T15:41:24,891   writing manifest file '/private/var/folders/dg/lfh0pr6s18l0t4hm_q6nnb_m0000gn/T/pip-pip-egg-info-fkmdou_o/neuralcoref.egg-info/SOURCES.txt'
2023-04-16T15:41:24,911   Source in /private/var/folders/dg/lfh0pr6s18l0t4hm_q6nnb_m0000gn/T/pip-install-phprflvc/neuralcoref_6f73f17fcaa2405e98dad5148eecca84 has version 4.0, which satisfies requirement neuralcoref from https://files.pythonhosted.org/packages/0c/40/8db3db763077fe80b71859f57731261aeb03cc624635f97a3bcfe55ab37b/neuralcoref-4.0.tar.gz
2023-04-16T15:41:24,912   Removed neuralcoref from https://files.pythonhosted.org/packages/0c/40/8db3db763077fe80b71859f57731261aeb03cc624635f97a3bcfe55ab37b/neuralcoref-4.0.tar.gz from build tracker '/private/var/folders/dg/lfh0pr6s18l0t4hm_q6nnb_m0000gn/T/pip-build-tracker-wg6f0141'
2023-04-16T15:41:24,915 Requirement already satisfied: numpy>=1.15.0 in /Users/calvineng/opt/anaconda3/lib/python3.9/site-packages (from neuralcoref) (1.23.5)
2023-04-16T15:41:24,916 Requirement already satisfied: boto3 in /Users/calvineng/opt/anaconda3/lib/python3.9/site-packages (from neuralcoref) (1.24.28)
2023-04-16T15:41:24,916 Requirement already satisfied: requests<3.0.0,>=2.13.0 in /Users/calvineng/opt/anaconda3/lib/python3.9/site-packages (from neuralcoref) (2.28.1)
2023-04-16T15:41:24,917 Requirement already satisfied: spacy>=2.1.0 in /Users/calvineng/opt/anaconda3/lib/python3.9/site-packages (from neuralcoref) (2.3.5)
2023-04-16T15:41:24,923 Requirement already satisfied: certifi>=2017.4.17 in /Users/calvineng/opt/anaconda3/lib/python3.9/site-packages (from requests<3.0.0,>=2.13.0->neuralcoref) (2022.9.24)
2023-04-16T15:41:24,923 Requirement already satisfied: idna<4,>=2.5 in /Users/calvineng/opt/anaconda3/lib/python3.9/site-packages (from requests<3.0.0,>=2.13.0->neuralcoref) (2.10)
2023-04-16T15:41:24,924 Requirement already satisfied: urllib3<1.27,>=1.21.1 in /Users/calvineng/opt/anaconda3/lib/python3.9/site-packages (from requests<3.0.0,>=2.13.0->neuralcoref) (1.26.11)
2023-04-16T15:41:24,925 Requirement already satisfied: charset-normalizer<3,>=2 in /Users/calvineng/opt/anaconda3/lib/python3.9/site-packages (from requests<3.0.0,>=2.13.0->neuralcoref) (2.0.4)
2023-04-16T15:41:24,941 Requirement already satisfied: wasabi<1.1.0,>=0.4.0 in /Users/calvineng/opt/anaconda3/lib/python3.9/site-packages (from spacy>=2.1.0->neuralcoref) (0.10.1)
2023-04-16T15:41:24,942 Requirement already satisfied: setuptools in /Users/calvineng/opt/anaconda3/lib/python3.9/site-packages (from spacy>=2.1.0->neuralcoref) (63.4.1)
2023-04-16T15:41:24,942 Requirement already satisfied: blis<0.8.0,>=0.4.0 in /Users/calvineng/opt/anaconda3/lib/python3.9/site-packages (from spacy>=2.1.0->neuralcoref) (0.7.9)
2023-04-16T15:41:24,943 Requirement already satisfied: preshed<3.1.0,>=3.0.2 in /Users/calvineng/opt/anaconda3/lib/python3.9/site-packages (from spacy>=2.1.0->neuralcoref) (3.0.8)
2023-04-16T15:41:24,943 Requirement already satisfied: catalogue<1.1.0,>=0.0.7 in /Users/calvineng/opt/anaconda3/lib/python3.9/site-packages (from spacy>=2.1.0->neuralcoref) (1.0.2)
2023-04-16T15:41:24,944 Requirement already satisfied: murmurhash<1.1.0,>=0.28.0 in /Users/calvineng/opt/anaconda3/lib/python3.9/site-packages (from spacy>=2.1.0->neuralcoref) (1.0.9)
2023-04-16T15:41:24,944 Requirement already satisfied: cymem<2.1.0,>=2.0.2 in /Users/calvineng/opt/anaconda3/lib/python3.9/site-packages (from spacy>=2.1.0->neuralcoref) (2.0.7)
2023-04-16T15:41:24,945 Requirement already satisfied: srsly<1.1.0,>=1.0.2 in /Users/calvineng/opt/anaconda3/lib/python3.9/site-packages (from spacy>=2.1.0->neuralcoref) (1.0.6)
2023-04-16T15:41:24,945 Requirement already satisfied: tqdm<5.0.0,>=4.38.0 in /Users/calvineng/opt/anaconda3/lib/python3.9/site-packages (from spacy>=2.1.0->neuralcoref) (4.64.1)
2023-04-16T15:41:24,946 Requirement already satisfied: plac<1.2.0,>=0.9.6 in /Users/calvineng/opt/anaconda3/lib/python3.9/site-packages (from spacy>=2.1.0->neuralcoref) (1.1.3)
2023-04-16T15:41:24,946 Requirement already satisfied: thinc<7.5.0,>=7.4.1 in /Users/calvineng/opt/anaconda3/lib/python3.9/site-packages (from spacy>=2.1.0->neuralcoref) (7.4.6)
2023-04-16T15:41:24,951 Requirement already satisfied: jmespath<2.0.0,>=0.7.1 in /Users/calvineng/opt/anaconda3/lib/python3.9/site-packages (from boto3->neuralcoref) (0.10.0)
2023-04-16T15:41:24,951 Requirement already satisfied: s3transfer<0.7.0,>=0.6.0 in /Users/calvineng/opt/anaconda3/lib/python3.9/site-packages (from boto3->neuralcoref) (0.6.0)
2023-04-16T15:41:24,952 Requirement already satisfied: botocore<1.28.0,>=1.27.28 in /Users/calvineng/opt/anaconda3/lib/python3.9/site-packages (from boto3->neuralcoref) (1.27.28)
2023-04-16T15:41:24,956 Requirement already satisfied: python-dateutil<3.0.0,>=2.1 in /Users/calvineng/opt/anaconda3/lib/python3.9/site-packages (from botocore<1.28.0,>=1.27.28->boto3->neuralcoref) (2.8.2)
2023-04-16T15:41:25,002 Requirement already satisfied: six>=1.5 in /Users/calvineng/opt/anaconda3/lib/python3.9/site-packages (from python-dateutil<3.0.0,>=2.1->botocore<1.28.0,>=1.27.28->boto3->neuralcoref) (1.16.0)
2023-04-16T15:41:25,015 Created temporary directory: /private/var/folders/dg/lfh0pr6s18l0t4hm_q6nnb_m0000gn/T/pip-unpack-5npweu8_
2023-04-16T15:41:25,016 Building wheels for collected packages: neuralcoref
2023-04-16T15:41:25,017   Created temporary directory: /private/var/folders/dg/lfh0pr6s18l0t4hm_q6nnb_m0000gn/T/pip-wheel-1hwfqj6d
2023-04-16T15:41:25,017   Destination directory: /private/var/folders/dg/lfh0pr6s18l0t4hm_q6nnb_m0000gn/T/pip-wheel-1hwfqj6d
2023-04-16T15:41:25,017   Running command python setup.py bdist_wheel
2023-04-16T15:41:25,400   running bdist_wheel
2023-04-16T15:41:25,434   running build
2023-04-16T15:41:25,435   running build_py
2023-04-16T15:41:25,446   creating build
2023-04-16T15:41:25,446   creating build/lib.macosx-10.9-x86_64-cpython-39
2023-04-16T15:41:25,446   creating build/lib.macosx-10.9-x86_64-cpython-39/neuralcoref
2023-04-16T15:41:25,446   copying neuralcoref/__init__.py -> build/lib.macosx-10.9-x86_64-cpython-39/neuralcoref
2023-04-16T15:41:25,446   copying neuralcoref/file_utils.py -> build/lib.macosx-10.9-x86_64-cpython-39/neuralcoref
2023-04-16T15:41:25,446   creating build/lib.macosx-10.9-x86_64-cpython-39/neuralcoref/tests
2023-04-16T15:41:25,447   copying neuralcoref/tests/__init__.py -> build/lib.macosx-10.9-x86_64-cpython-39/neuralcoref/tests
2023-04-16T15:41:25,447   copying neuralcoref/tests/test_neuralcoref.py -> build/lib.macosx-10.9-x86_64-cpython-39/neuralcoref/tests
2023-04-16T15:41:25,447   creating build/lib.macosx-10.9-x86_64-cpython-39/neuralcoref/train
2023-04-16T15:41:25,447   copying neuralcoref/train/algorithm.py -> build/lib.macosx-10.9-x86_64-cpython-39/neuralcoref/train
2023-04-16T15:41:25,447   copying neuralcoref/train/conllparser.py -> build/lib.macosx-10.9-x86_64-cpython-39/neuralcoref/train
2023-04-16T15:41:25,447   copying neuralcoref/train/compat.py -> build/lib.macosx-10.9-x86_64-cpython-39/neuralcoref/train
2023-04-16T15:41:25,447   copying neuralcoref/train/__init__.py -> build/lib.macosx-10.9-x86_64-cpython-39/neuralcoref/train
2023-04-16T15:41:25,448   copying neuralcoref/train/model.py -> build/lib.macosx-10.9-x86_64-cpython-39/neuralcoref/train
2023-04-16T15:41:25,448   copying neuralcoref/train/dataset.py -> build/lib.macosx-10.9-x86_64-cpython-39/neuralcoref/train
2023-04-16T15:41:25,448   copying neuralcoref/train/utils.py -> build/lib.macosx-10.9-x86_64-cpython-39/neuralcoref/train
2023-04-16T15:41:25,448   copying neuralcoref/train/document.py -> build/lib.macosx-10.9-x86_64-cpython-39/neuralcoref/train
2023-04-16T15:41:25,448   copying neuralcoref/train/learn.py -> build/lib.macosx-10.9-x86_64-cpython-39/neuralcoref/train
2023-04-16T15:41:25,448   copying neuralcoref/train/evaluator.py -> build/lib.macosx-10.9-x86_64-cpython-39/neuralcoref/train
2023-04-16T15:41:25,449   running build_ext
2023-04-16T15:41:25,449   building 'neuralcoref.neuralcoref' extension
2023-04-16T15:41:25,449   creating build/temp.macosx-10.9-x86_64-cpython-39
2023-04-16T15:41:25,449   creating build/temp.macosx-10.9-x86_64-cpython-39/neuralcoref
2023-04-16T15:41:25,450   clang -Wno-unused-result -Wsign-compare -Wunreachable-code -DNDEBUG -fwrapv -O2 -Wall -fPIC -O2 -isystem /Users/calvineng/opt/anaconda3/include -arch x86_64 -I/Users/calvineng/opt/anaconda3/include -fPIC -O2 -isystem /Users/calvineng/opt/anaconda3/include -arch x86_64 -I/Users/calvineng/opt/anaconda3/include/python3.9 -I/private/var/folders/dg/lfh0pr6s18l0t4hm_q6nnb_m0000gn/T/pip-install-phprflvc/neuralcoref_6f73f17fcaa2405e98dad5148eecca84/include -I/Users/calvineng/opt/anaconda3/include/python3.9 -c neuralcoref/neuralcoref.cpp -o build/temp.macosx-10.9-x86_64-cpython-39/neuralcoref/neuralcoref.o -O2 -Wno-strict-prototypes -Wno-unused-function -stdlib=libc++
2023-04-16T15:41:25,795   In file included from neuralcoref/neuralcoref.cpp:607:
2023-04-16T15:41:25,795   In file included from /private/var/folders/dg/lfh0pr6s18l0t4hm_q6nnb_m0000gn/T/pip-install-phprflvc/neuralcoref_6f73f17fcaa2405e98dad5148eecca84/include/numpy/arrayobject.h:15:
2023-04-16T15:41:25,795   In file included from /private/var/folders/dg/lfh0pr6s18l0t4hm_q6nnb_m0000gn/T/pip-install-phprflvc/neuralcoref_6f73f17fcaa2405e98dad5148eecca84/include/numpy/ndarrayobject.h:17:
2023-04-16T15:41:25,795   In file included from /private/var/folders/dg/lfh0pr6s18l0t4hm_q6nnb_m0000gn/T/pip-install-phprflvc/neuralcoref_6f73f17fcaa2405e98dad5148eecca84/include/numpy/ndarraytypes.h:1728:
2023-04-16T15:41:25,795   /private/var/folders/dg/lfh0pr6s18l0t4hm_q6nnb_m0000gn/T/pip-install-phprflvc/neuralcoref_6f73f17fcaa2405e98dad5148eecca84/include/numpy/npy_deprecated_api.h:11:2: warning: "Using deprecated NumPy API, disable it by #defining NPY_NO_DEPRECATED_API NPY_1_7_API_VERSION" [-W#warnings]
2023-04-16T15:41:25,795   #warning "Using deprecated NumPy API, disable it by #defining NPY_NO_DEPRECATED_API NPY_1_7_API_VERSION"
2023-04-16T15:41:25,795    ^
2023-04-16T15:41:26,097   neuralcoref/neuralcoref.cpp:8989:40: warning: comparison of integers of different signs: 'uint32_t' (aka 'unsigned int') and 'int' [-Wsign-compare]
2023-04-16T15:41:26,097       __pyx_t_5 = ((__pyx_v_maxchild_idx > __pyx_v_sent_start) != 0);
2023-04-16T15:41:26,097                     ~~~~~~~~~~~~~~~~~~~~ ^ ~~~~~~~~~~~~~~~~~~
2023-04-16T15:41:26,097   neuralcoref/neuralcoref.cpp:9046:40: warning: comparison of integers of different signs: 'uint32_t' (aka 'unsigned int') and 'int' [-Wsign-compare]
2023-04-16T15:41:26,097       __pyx_t_5 = ((__pyx_v_minchild_idx < (__pyx_v_sent_end - 1)) != 0);
2023-04-16T15:41:26,097                     ~~~~~~~~~~~~~~~~~~~~ ^  ~~~~~~~~~~~~~~~~~~~~
2023-04-16T15:41:26,305   neuralcoref/neuralcoref.cpp:49313:54: error: no member named 'tp_print' in '_typeobject'
2023-04-16T15:41:26,305     __pyx_type_11neuralcoref_11neuralcoref_NeuralCoref.tp_print = 0;
2023-04-16T15:41:26,305     ~~~~~~~~~~~~~~~~~~~~~~~~~~~~~~~~~~~~~~~~~~~~~~~~~~ ^
2023-04-16T15:41:26,305   neuralcoref/neuralcoref.cpp:49340:112: error: no member named 'tp_print' in '_typeobject'
2023-04-16T15:41:26,305     __pyx_type_11neuralcoref_11neuralcoref___pyx_scope_struct____pyx_f_11neuralcoref_11neuralcoref_get_span_type.tp_print = 0;
2023-04-16T15:41:26,305     ~~~~~~~~~~~~~~~~~~~~~~~~~~~~~~~~~~~~~~~~~~~~~~~~~~~~~~~~~~~~~~~~~~~~~~~~~~~~~~~~~~~~~~~~~~~~~~~~~~~~~~~~~~~~ ^
2023-04-16T15:41:26,305   neuralcoref/neuralcoref.cpp:49346:71: error: no member named 'tp_print' in '_typeobject'
2023-04-16T15:41:26,305     __pyx_type_11neuralcoref_11neuralcoref___pyx_scope_struct_1_genexpr.tp_print = 0;
2023-04-16T15:41:26,305     ~~~~~~~~~~~~~~~~~~~~~~~~~~~~~~~~~~~~~~~~~~~~~~~~~~~~~~~~~~~~~~~~~~~ ^
2023-04-16T15:41:26,305   neuralcoref/neuralcoref.cpp:49352:76: error: no member named 'tp_print' in '_typeobject'
2023-04-16T15:41:26,305     __pyx_type_11neuralcoref_11neuralcoref___pyx_scope_struct_2_get_resolved.tp_print = 0;
2023-04-16T15:41:26,305     ~~~~~~~~~~~~~~~~~~~~~~~~~~~~~~~~~~~~~~~~~~~~~~~~~~~~~~~~~~~~~~~~~~~~~~~~ ^
2023-04-16T15:41:26,305   neuralcoref/neuralcoref.cpp:49358:71: error: no member named 'tp_print' in '_typeobject'
2023-04-16T15:41:26,305     __pyx_type_11neuralcoref_11neuralcoref___pyx_scope_struct_3_genexpr.tp_print = 0;
2023-04-16T15:41:26,305     ~~~~~~~~~~~~~~~~~~~~~~~~~~~~~~~~~~~~~~~~~~~~~~~~~~~~~~~~~~~~~~~~~~~ ^
2023-04-16T15:41:26,305   neuralcoref/neuralcoref.cpp:49364:122: error: no member named 'tp_print' in '_typeobject'
2023-04-16T15:41:26,305     __pyx_type_11neuralcoref_11neuralcoref___pyx_scope_struct_4___pyx_f_11neuralcoref_11neuralcoref_extract_mentions_spans.tp_print = 0;
2023-04-16T15:41:26,305     ~~~~~~~~~~~~~~~~~~~~~~~~~~~~~~~~~~~~~~~~~~~~~~~~~~~~~~~~~~~~~~~~~~~~~~~~~~~~~~~~~~~~~~~~~~~~~~~~~~~~~~~~~~~~~~~~~~~~~~ ^
2023-04-16T15:41:26,305   neuralcoref/neuralcoref.cpp:49370:71: error: no member named 'tp_print' in '_typeobject'
2023-04-16T15:41:26,305     __pyx_type_11neuralcoref_11neuralcoref___pyx_scope_struct_5_genexpr.tp_print = 0;
2023-04-16T15:41:26,305     ~~~~~~~~~~~~~~~~~~~~~~~~~~~~~~~~~~~~~~~~~~~~~~~~~~~~~~~~~~~~~~~~~~~ ^
2023-04-16T15:41:26,305   neuralcoref/neuralcoref.cpp:49376:72: error: no member named 'tp_print' in '_typeobject'
2023-04-16T15:41:26,305     __pyx_type_11neuralcoref_11neuralcoref___pyx_scope_struct_6___iter__.tp_print = 0;
2023-04-16T15:41:26,305     ~~~~~~~~~~~~~~~~~~~~~~~~~~~~~~~~~~~~~~~~~~~~~~~~~~~~~~~~~~~~~~~~~~~~ ^
2023-04-16T15:41:26,305   neuralcoref/neuralcoref.cpp:49382:77: error: no member named 'tp_print' in '_typeobject'
2023-04-16T15:41:26,306     __pyx_type_11neuralcoref_11neuralcoref___pyx_scope_struct_7_set_conv_dict.tp_print = 0;
2023-04-16T15:41:26,306     ~~~~~~~~~~~~~~~~~~~~~~~~~~~~~~~~~~~~~~~~~~~~~~~~~~~~~~~~~~~~~~~~~~~~~~~~~ ^
2023-04-16T15:41:26,306   neuralcoref/neuralcoref.cpp:49388:71: error: no member named 'tp_print' in '_typeobject'
2023-04-16T15:41:26,306     __pyx_type_11neuralcoref_11neuralcoref___pyx_scope_struct_8_genexpr.tp_print = 0;
2023-04-16T15:41:26,306     ~~~~~~~~~~~~~~~~~~~~~~~~~~~~~~~~~~~~~~~~~~~~~~~~~~~~~~~~~~~~~~~~~~~ ^
2023-04-16T15:41:26,306   neuralcoref/neuralcoref.cpp:49394:68: error: no member named 'tp_print' in '_typeobject'
2023-04-16T15:41:26,306     __pyx_type_11neuralcoref_11neuralcoref___pyx_scope_struct_9_pipe.tp_print = 0;
2023-04-16T15:41:26,306     ~~~~~~~~~~~~~~~~~~~~~~~~~~~~~~~~~~~~~~~~~~~~~~~~~~~~~~~~~~~~~~~~ ^
2023-04-16T15:41:26,306   neuralcoref/neuralcoref.cpp:49400:72: error: no member named 'tp_print' in '_typeobject'
2023-04-16T15:41:26,306     __pyx_type_11neuralcoref_11neuralcoref___pyx_scope_struct_10_predict.tp_print = 0;
2023-04-16T15:41:26,306     ~~~~~~~~~~~~~~~~~~~~~~~~~~~~~~~~~~~~~~~~~~~~~~~~~~~~~~~~~~~~~~~~~~~~ ^
2023-04-16T15:41:26,306   neuralcoref/neuralcoref.cpp:49406:72: error: no member named 'tp_print' in '_typeobject'
2023-04-16T15:41:26,306     __pyx_type_11neuralcoref_11neuralcoref___pyx_scope_struct_11_genexpr.tp_print = 0;
2023-04-16T15:41:26,306     ~~~~~~~~~~~~~~~~~~~~~~~~~~~~~~~~~~~~~~~~~~~~~~~~~~~~~~~~~~~~~~~~~~~~ ^
2023-04-16T15:41:26,306   neuralcoref/neuralcoref.cpp:49412:72: error: no member named 'tp_print' in '_typeobject'
2023-04-16T15:41:26,306     __pyx_type_11neuralcoref_11neuralcoref___pyx_scope_struct_12_genexpr.tp_print = 0;
2023-04-16T15:41:26,306     ~~~~~~~~~~~~~~~~~~~~~~~~~~~~~~~~~~~~~~~~~~~~~~~~~~~~~~~~~~~~~~~~~~~~ ^
2023-04-16T15:41:26,306   neuralcoref/neuralcoref.cpp:49418:72: error: no member named 'tp_print' in '_typeobject'
2023-04-16T15:41:26,306     __pyx_type_11neuralcoref_11neuralcoref___pyx_scope_struct_13_genexpr.tp_print = 0;
2023-04-16T15:41:26,306     ~~~~~~~~~~~~~~~~~~~~~~~~~~~~~~~~~~~~~~~~~~~~~~~~~~~~~~~~~~~~~~~~~~~~ ^
2023-04-16T15:41:26,306   neuralcoref/neuralcoref.cpp:49424:72: error: no member named 'tp_print' in '_typeobject'
2023-04-16T15:41:26,306     __pyx_type_11neuralcoref_11neuralcoref___pyx_scope_struct_14_genexpr.tp_print = 0;
2023-04-16T15:41:26,306     ~~~~~~~~~~~~~~~~~~~~~~~~~~~~~~~~~~~~~~~~~~~~~~~~~~~~~~~~~~~~~~~~~~~~ ^
2023-04-16T15:41:26,306   neuralcoref/neuralcoref.cpp:49430:72: error: no member named 'tp_print' in '_typeobject'
2023-04-16T15:41:26,306     __pyx_type_11neuralcoref_11neuralcoref___pyx_scope_struct_15_to_disk.tp_print = 0;
2023-04-16T15:41:26,306     ~~~~~~~~~~~~~~~~~~~~~~~~~~~~~~~~~~~~~~~~~~~~~~~~~~~~~~~~~~~~~~~~~~~~ ^
2023-04-16T15:41:26,306   neuralcoref/neuralcoref.cpp:49436:74: error: no member named 'tp_print' in '_typeobject'
2023-04-16T15:41:26,306     __pyx_type_11neuralcoref_11neuralcoref___pyx_scope_struct_16_from_disk.tp_print = 0;
2023-04-16T15:41:26,306     ~~~~~~~~~~~~~~~~~~~~~~~~~~~~~~~~~~~~~~~~~~~~~~~~~~~~~~~~~~~~~~~~~~~~~~ ^
2023-04-16T15:41:26,306   neuralcoref/neuralcoref.cpp:49442:73: error: no member named 'tp_print' in '_typeobject'
2023-04-16T15:41:26,306     __pyx_type_11neuralcoref_11neuralcoref___pyx_scope_struct_17_to_bytes.tp_print = 0;
2023-04-16T15:41:26,306     ~~~~~~~~~~~~~~~~~~~~~~~~~~~~~~~~~~~~~~~~~~~~~~~~~~~~~~~~~~~~~~~~~~~~~ ^
2023-04-16T15:41:26,306   fatal error: too many errors emitted, stopping now [-ferror-limit=]
2023-04-16T15:41:26,358   3 warnings and 20 errors generated.
2023-04-16T15:41:26,365   error: command '/usr/bin/clang' failed with exit code 1
2023-04-16T15:41:26,388   ERROR: [present-rich] python setup.py bdist_wheel exited with 1
2023-04-16T15:41:26,392   [bold magenta]full command[/]: [blue]/Users/calvineng/opt/anaconda3/bin/python -u -c '
2023-04-16T15:41:26,392   exec(compile('"'"''"'"''"'"'
2023-04-16T15:41:26,392   # This is <pip-setuptools-caller> -- a caller that pip uses to run setup.py
2023-04-16T15:41:26,392   #
2023-04-16T15:41:26,392   # - It imports setuptools before invoking setup.py, to enable projects that directly
2023-04-16T15:41:26,392   #   import from `distutils.core` to work with newer packaging standards.
2023-04-16T15:41:26,392   # - It provides a clear error message when setuptools is not installed.
2023-04-16T15:41:26,392   # - It sets `sys.argv[0]` to the underlying `setup.py`, when invoking `setup.py` so
2023-04-16T15:41:26,392   #   setuptools doesn'"'"'t think the script is `-c`. This avoids the following warning:
2023-04-16T15:41:26,392   #     manifest_maker: standard file '"'"'-c'"'"' not found".
2023-04-16T15:41:26,392   # - It generates a shim setup.py, for handling setup.cfg-only projects.
2023-04-16T15:41:26,392   import os, sys, tokenize
2023-04-16T15:41:26,392   
2023-04-16T15:41:26,392   try:
2023-04-16T15:41:26,392       import setuptools
2023-04-16T15:41:26,392   except ImportError as error:
2023-04-16T15:41:26,392       print(
2023-04-16T15:41:26,392           "ERROR: Can not execute `setup.py` since setuptools is not available in "
2023-04-16T15:41:26,392           "the build environment.",
2023-04-16T15:41:26,392           file=sys.stderr,
2023-04-16T15:41:26,392       )
2023-04-16T15:41:26,392       sys.exit(1)
2023-04-16T15:41:26,392   
2023-04-16T15:41:26,392   __file__ = %r
2023-04-16T15:41:26,392   sys.argv[0] = __file__
2023-04-16T15:41:26,392   
2023-04-16T15:41:26,392   if os.path.exists(__file__):
2023-04-16T15:41:26,392       filename = __file__
2023-04-16T15:41:26,392       with tokenize.open(__file__) as f:
2023-04-16T15:41:26,392           setup_py_code = f.read()
2023-04-16T15:41:26,392   else:
2023-04-16T15:41:26,392       filename = "<auto-generated setuptools caller>"
2023-04-16T15:41:26,392       setup_py_code = "from setuptools import setup; setup()"
2023-04-16T15:41:26,392   
2023-04-16T15:41:26,392   exec(compile(setup_py_code, filename, "exec"))
2023-04-16T15:41:26,392   '"'"''"'"''"'"' % ('"'"'/private/var/folders/dg/lfh0pr6s18l0t4hm_q6nnb_m0000gn/T/pip-install-phprflvc/neuralcoref_6f73f17fcaa2405e98dad5148eecca84/setup.py'"'"',), "<pip-setuptools-caller>", "exec"))' bdist_wheel -d /private/var/folders/dg/lfh0pr6s18l0t4hm_q6nnb_m0000gn/T/pip-wheel-1hwfqj6d[/]
2023-04-16T15:41:26,393   [bold magenta]cwd[/]: /private/var/folders/dg/lfh0pr6s18l0t4hm_q6nnb_m0000gn/T/pip-install-phprflvc/neuralcoref_6f73f17fcaa2405e98dad5148eecca84/
2023-04-16T15:41:26,393   ERROR: Failed building wheel for neuralcoref
2023-04-16T15:41:26,393   Running setup.py clean for neuralcoref
2023-04-16T15:41:26,393   Running command python setup.py clean
2023-04-16T15:41:26,761   running clean
2023-04-16T15:41:26,781   removing 'build/temp.macosx-10.9-x86_64-cpython-39' (and everything under it)
2023-04-16T15:41:26,782   removing 'build/lib.macosx-10.9-x86_64-cpython-39' (and everything under it)
2023-04-16T15:41:26,782   'build/bdist.macosx-10.9-x86_64' does not exist -- can't clean it
2023-04-16T15:41:26,783   'build/scripts-3.9' does not exist -- can't clean it
2023-04-16T15:41:26,783   removing 'build'
2023-04-16T15:41:26,799 Failed to build neuralcoref
2023-04-16T15:41:28,509 Installing collected packages: neuralcoref
2023-04-16T15:41:28,510   Created temporary directory: /private/var/folders/dg/lfh0pr6s18l0t4hm_q6nnb_m0000gn/T/pip-record-ms9cpwzy
2023-04-16T15:41:28,510   Running command Running setup.py install for neuralcoref
2023-04-16T15:41:28,879   running install
2023-04-16T15:41:28,880   /Users/calvineng/opt/anaconda3/lib/python3.9/site-packages/setuptools/command/install.py:34: SetuptoolsDeprecationWarning: setup.py install is deprecated. Use build and pip and other standards-based tools.
2023-04-16T15:41:28,880     warnings.warn(
2023-04-16T15:41:28,894   running build
2023-04-16T15:41:28,894   running build_py
2023-04-16T15:41:28,905   creating build
2023-04-16T15:41:28,905   creating build/lib.macosx-10.9-x86_64-cpython-39
2023-04-16T15:41:28,905   creating build/lib.macosx-10.9-x86_64-cpython-39/neuralcoref
2023-04-16T15:41:28,905   copying neuralcoref/__init__.py -> build/lib.macosx-10.9-x86_64-cpython-39/neuralcoref
2023-04-16T15:41:28,905   copying neuralcoref/file_utils.py -> build/lib.macosx-10.9-x86_64-cpython-39/neuralcoref
2023-04-16T15:41:28,906   creating build/lib.macosx-10.9-x86_64-cpython-39/neuralcoref/tests
2023-04-16T15:41:28,906   copying neuralcoref/tests/__init__.py -> build/lib.macosx-10.9-x86_64-cpython-39/neuralcoref/tests
2023-04-16T15:41:28,906   copying neuralcoref/tests/test_neuralcoref.py -> build/lib.macosx-10.9-x86_64-cpython-39/neuralcoref/tests
2023-04-16T15:41:28,906   creating build/lib.macosx-10.9-x86_64-cpython-39/neuralcoref/train
2023-04-16T15:41:28,906   copying neuralcoref/train/algorithm.py -> build/lib.macosx-10.9-x86_64-cpython-39/neuralcoref/train
2023-04-16T15:41:28,906   copying neuralcoref/train/conllparser.py -> build/lib.macosx-10.9-x86_64-cpython-39/neuralcoref/train
2023-04-16T15:41:28,906   copying neuralcoref/train/compat.py -> build/lib.macosx-10.9-x86_64-cpython-39/neuralcoref/train
2023-04-16T15:41:28,906   copying neuralcoref/train/__init__.py -> build/lib.macosx-10.9-x86_64-cpython-39/neuralcoref/train
2023-04-16T15:41:28,907   copying neuralcoref/train/model.py -> build/lib.macosx-10.9-x86_64-cpython-39/neuralcoref/train
2023-04-16T15:41:28,907   copying neuralcoref/train/dataset.py -> build/lib.macosx-10.9-x86_64-cpython-39/neuralcoref/train
2023-04-16T15:41:28,907   copying neuralcoref/train/utils.py -> build/lib.macosx-10.9-x86_64-cpython-39/neuralcoref/train
2023-04-16T15:41:28,907   copying neuralcoref/train/document.py -> build/lib.macosx-10.9-x86_64-cpython-39/neuralcoref/train
2023-04-16T15:41:28,907   copying neuralcoref/train/learn.py -> build/lib.macosx-10.9-x86_64-cpython-39/neuralcoref/train
2023-04-16T15:41:28,907   copying neuralcoref/train/evaluator.py -> build/lib.macosx-10.9-x86_64-cpython-39/neuralcoref/train
2023-04-16T15:41:28,908   running build_ext
2023-04-16T15:41:28,908   building 'neuralcoref.neuralcoref' extension
2023-04-16T15:41:28,908   creating build/temp.macosx-10.9-x86_64-cpython-39
2023-04-16T15:41:28,908   creating build/temp.macosx-10.9-x86_64-cpython-39/neuralcoref
2023-04-16T15:41:28,909   clang -Wno-unused-result -Wsign-compare -Wunreachable-code -DNDEBUG -fwrapv -O2 -Wall -fPIC -O2 -isystem /Users/calvineng/opt/anaconda3/include -arch x86_64 -I/Users/calvineng/opt/anaconda3/include -fPIC -O2 -isystem /Users/calvineng/opt/anaconda3/include -arch x86_64 -I/Users/calvineng/opt/anaconda3/include/python3.9 -I/private/var/folders/dg/lfh0pr6s18l0t4hm_q6nnb_m0000gn/T/pip-install-phprflvc/neuralcoref_6f73f17fcaa2405e98dad5148eecca84/include -I/Users/calvineng/opt/anaconda3/include/python3.9 -c neuralcoref/neuralcoref.cpp -o build/temp.macosx-10.9-x86_64-cpython-39/neuralcoref/neuralcoref.o -O2 -Wno-strict-prototypes -Wno-unused-function -stdlib=libc++
2023-04-16T15:41:29,030   In file included from neuralcoref/neuralcoref.cpp:607:
2023-04-16T15:41:29,031   In file included from /private/var/folders/dg/lfh0pr6s18l0t4hm_q6nnb_m0000gn/T/pip-install-phprflvc/neuralcoref_6f73f17fcaa2405e98dad5148eecca84/include/numpy/arrayobject.h:15:
2023-04-16T15:41:29,031   In file included from /private/var/folders/dg/lfh0pr6s18l0t4hm_q6nnb_m0000gn/T/pip-install-phprflvc/neuralcoref_6f73f17fcaa2405e98dad5148eecca84/include/numpy/ndarrayobject.h:17:
2023-04-16T15:41:29,031   In file included from /private/var/folders/dg/lfh0pr6s18l0t4hm_q6nnb_m0000gn/T/pip-install-phprflvc/neuralcoref_6f73f17fcaa2405e98dad5148eecca84/include/numpy/ndarraytypes.h:1728:
2023-04-16T15:41:29,031   /private/var/folders/dg/lfh0pr6s18l0t4hm_q6nnb_m0000gn/T/pip-install-phprflvc/neuralcoref_6f73f17fcaa2405e98dad5148eecca84/include/numpy/npy_deprecated_api.h:11:2: warning: "Using deprecated NumPy API, disable it by #defining NPY_NO_DEPRECATED_API NPY_1_7_API_VERSION" [-W#warnings]
2023-04-16T15:41:29,031   #warning "Using deprecated NumPy API, disable it by #defining NPY_NO_DEPRECATED_API NPY_1_7_API_VERSION"
2023-04-16T15:41:29,031    ^
2023-04-16T15:41:29,290   neuralcoref/neuralcoref.cpp:8989:40: warning: comparison of integers of different signs: 'uint32_t' (aka 'unsigned int') and 'int' [-Wsign-compare]
2023-04-16T15:41:29,290       __pyx_t_5 = ((__pyx_v_maxchild_idx > __pyx_v_sent_start) != 0);
2023-04-16T15:41:29,291                     ~~~~~~~~~~~~~~~~~~~~ ^ ~~~~~~~~~~~~~~~~~~
2023-04-16T15:41:29,291   neuralcoref/neuralcoref.cpp:9046:40: warning: comparison of integers of different signs: 'uint32_t' (aka 'unsigned int') and 'int' [-Wsign-compare]
2023-04-16T15:41:29,291       __pyx_t_5 = ((__pyx_v_minchild_idx < (__pyx_v_sent_end - 1)) != 0);
2023-04-16T15:41:29,291                     ~~~~~~~~~~~~~~~~~~~~ ^  ~~~~~~~~~~~~~~~~~~~~
2023-04-16T15:41:29,493   neuralcoref/neuralcoref.cpp:49313:54: error: no member named 'tp_print' in '_typeobject'
2023-04-16T15:41:29,493     __pyx_type_11neuralcoref_11neuralcoref_NeuralCoref.tp_print = 0;
2023-04-16T15:41:29,493     ~~~~~~~~~~~~~~~~~~~~~~~~~~~~~~~~~~~~~~~~~~~~~~~~~~ ^
2023-04-16T15:41:29,493   neuralcoref/neuralcoref.cpp:49340:112: error: no member named 'tp_print' in '_typeobject'
2023-04-16T15:41:29,493     __pyx_type_11neuralcoref_11neuralcoref___pyx_scope_struct____pyx_f_11neuralcoref_11neuralcoref_get_span_type.tp_print = 0;
2023-04-16T15:41:29,493     ~~~~~~~~~~~~~~~~~~~~~~~~~~~~~~~~~~~~~~~~~~~~~~~~~~~~~~~~~~~~~~~~~~~~~~~~~~~~~~~~~~~~~~~~~~~~~~~~~~~~~~~~~~~~ ^
2023-04-16T15:41:29,493   neuralcoref/neuralcoref.cpp:49346:71: error: no member named 'tp_print' in '_typeobject'
2023-04-16T15:41:29,493     __pyx_type_11neuralcoref_11neuralcoref___pyx_scope_struct_1_genexpr.tp_print = 0;
2023-04-16T15:41:29,493     ~~~~~~~~~~~~~~~~~~~~~~~~~~~~~~~~~~~~~~~~~~~~~~~~~~~~~~~~~~~~~~~~~~~ ^
2023-04-16T15:41:29,493   neuralcoref/neuralcoref.cpp:49352:76: error: no member named 'tp_print' in '_typeobject'
2023-04-16T15:41:29,493     __pyx_type_11neuralcoref_11neuralcoref___pyx_scope_struct_2_get_resolved.tp_print = 0;
2023-04-16T15:41:29,493     ~~~~~~~~~~~~~~~~~~~~~~~~~~~~~~~~~~~~~~~~~~~~~~~~~~~~~~~~~~~~~~~~~~~~~~~~ ^
2023-04-16T15:41:29,493   neuralcoref/neuralcoref.cpp:49358:71: error: no member named 'tp_print' in '_typeobject'
2023-04-16T15:41:29,493     __pyx_type_11neuralcoref_11neuralcoref___pyx_scope_struct_3_genexpr.tp_print = 0;
2023-04-16T15:41:29,493     ~~~~~~~~~~~~~~~~~~~~~~~~~~~~~~~~~~~~~~~~~~~~~~~~~~~~~~~~~~~~~~~~~~~ ^
2023-04-16T15:41:29,493   neuralcoref/neuralcoref.cpp:49364:122: error: no member named 'tp_print' in '_typeobject'
2023-04-16T15:41:29,493     __pyx_type_11neuralcoref_11neuralcoref___pyx_scope_struct_4___pyx_f_11neuralcoref_11neuralcoref_extract_mentions_spans.tp_print = 0;
2023-04-16T15:41:29,493     ~~~~~~~~~~~~~~~~~~~~~~~~~~~~~~~~~~~~~~~~~~~~~~~~~~~~~~~~~~~~~~~~~~~~~~~~~~~~~~~~~~~~~~~~~~~~~~~~~~~~~~~~~~~~~~~~~~~~~~ ^
2023-04-16T15:41:29,493   neuralcoref/neuralcoref.cpp:49370:71: error: no member named 'tp_print' in '_typeobject'
2023-04-16T15:41:29,494     __pyx_type_11neuralcoref_11neuralcoref___pyx_scope_struct_5_genexpr.tp_print = 0;
2023-04-16T15:41:29,494     ~~~~~~~~~~~~~~~~~~~~~~~~~~~~~~~~~~~~~~~~~~~~~~~~~~~~~~~~~~~~~~~~~~~ ^
2023-04-16T15:41:29,494   neuralcoref/neuralcoref.cpp:49376:72: error: no member named 'tp_print' in '_typeobject'
2023-04-16T15:41:29,494     __pyx_type_11neuralcoref_11neuralcoref___pyx_scope_struct_6___iter__.tp_print = 0;
2023-04-16T15:41:29,494     ~~~~~~~~~~~~~~~~~~~~~~~~~~~~~~~~~~~~~~~~~~~~~~~~~~~~~~~~~~~~~~~~~~~~ ^
2023-04-16T15:41:29,494   neuralcoref/neuralcoref.cpp:49382:77: error: no member named 'tp_print' in '_typeobject'
2023-04-16T15:41:29,494     __pyx_type_11neuralcoref_11neuralcoref___pyx_scope_struct_7_set_conv_dict.tp_print = 0;
2023-04-16T15:41:29,494     ~~~~~~~~~~~~~~~~~~~~~~~~~~~~~~~~~~~~~~~~~~~~~~~~~~~~~~~~~~~~~~~~~~~~~~~~~ ^
2023-04-16T15:41:29,494   neuralcoref/neuralcoref.cpp:49388:71: error: no member named 'tp_print' in '_typeobject'
2023-04-16T15:41:29,494     __pyx_type_11neuralcoref_11neuralcoref___pyx_scope_struct_8_genexpr.tp_print = 0;
2023-04-16T15:41:29,494     ~~~~~~~~~~~~~~~~~~~~~~~~~~~~~~~~~~~~~~~~~~~~~~~~~~~~~~~~~~~~~~~~~~~ ^
2023-04-16T15:41:29,494   neuralcoref/neuralcoref.cpp:49394:68: error: no member named 'tp_print' in '_typeobject'
2023-04-16T15:41:29,494     __pyx_type_11neuralcoref_11neuralcoref___pyx_scope_struct_9_pipe.tp_print = 0;
2023-04-16T15:41:29,494     ~~~~~~~~~~~~~~~~~~~~~~~~~~~~~~~~~~~~~~~~~~~~~~~~~~~~~~~~~~~~~~~~ ^
2023-04-16T15:41:29,494   neuralcoref/neuralcoref.cpp:49400:72: error: no member named 'tp_print' in '_typeobject'
2023-04-16T15:41:29,494     __pyx_type_11neuralcoref_11neuralcoref___pyx_scope_struct_10_predict.tp_print = 0;
2023-04-16T15:41:29,494     ~~~~~~~~~~~~~~~~~~~~~~~~~~~~~~~~~~~~~~~~~~~~~~~~~~~~~~~~~~~~~~~~~~~~ ^
2023-04-16T15:41:29,494   neuralcoref/neuralcoref.cpp:49406:72: error: no member named 'tp_print' in '_typeobject'
2023-04-16T15:41:29,494     __pyx_type_11neuralcoref_11neuralcoref___pyx_scope_struct_11_genexpr.tp_print = 0;
2023-04-16T15:41:29,494     ~~~~~~~~~~~~~~~~~~~~~~~~~~~~~~~~~~~~~~~~~~~~~~~~~~~~~~~~~~~~~~~~~~~~ ^
2023-04-16T15:41:29,494   neuralcoref/neuralcoref.cpp:49412:72: error: no member named 'tp_print' in '_typeobject'
2023-04-16T15:41:29,494     __pyx_type_11neuralcoref_11neuralcoref___pyx_scope_struct_12_genexpr.tp_print = 0;
2023-04-16T15:41:29,494     ~~~~~~~~~~~~~~~~~~~~~~~~~~~~~~~~~~~~~~~~~~~~~~~~~~~~~~~~~~~~~~~~~~~~ ^
2023-04-16T15:41:29,494   neuralcoref/neuralcoref.cpp:49418:72: error: no member named 'tp_print' in '_typeobject'
2023-04-16T15:41:29,494     __pyx_type_11neuralcoref_11neuralcoref___pyx_scope_struct_13_genexpr.tp_print = 0;
2023-04-16T15:41:29,494     ~~~~~~~~~~~~~~~~~~~~~~~~~~~~~~~~~~~~~~~~~~~~~~~~~~~~~~~~~~~~~~~~~~~~ ^
2023-04-16T15:41:29,494   neuralcoref/neuralcoref.cpp:49424:72: error: no member named 'tp_print' in '_typeobject'
2023-04-16T15:41:29,494     __pyx_type_11neuralcoref_11neuralcoref___pyx_scope_struct_14_genexpr.tp_print = 0;
2023-04-16T15:41:29,494     ~~~~~~~~~~~~~~~~~~~~~~~~~~~~~~~~~~~~~~~~~~~~~~~~~~~~~~~~~~~~~~~~~~~~ ^
2023-04-16T15:41:29,494   neuralcoref/neuralcoref.cpp:49430:72: error: no member named 'tp_print' in '_typeobject'
2023-04-16T15:41:29,494     __pyx_type_11neuralcoref_11neuralcoref___pyx_scope_struct_15_to_disk.tp_print = 0;
2023-04-16T15:41:29,494     ~~~~~~~~~~~~~~~~~~~~~~~~~~~~~~~~~~~~~~~~~~~~~~~~~~~~~~~~~~~~~~~~~~~~ ^
2023-04-16T15:41:29,494   neuralcoref/neuralcoref.cpp:49436:74: error: no member named 'tp_print' in '_typeobject'
2023-04-16T15:41:29,494     __pyx_type_11neuralcoref_11neuralcoref___pyx_scope_struct_16_from_disk.tp_print = 0;
2023-04-16T15:41:29,494     ~~~~~~~~~~~~~~~~~~~~~~~~~~~~~~~~~~~~~~~~~~~~~~~~~~~~~~~~~~~~~~~~~~~~~~ ^
2023-04-16T15:41:29,494   neuralcoref/neuralcoref.cpp:49442:73: error: no member named 'tp_print' in '_typeobject'
2023-04-16T15:41:29,495     __pyx_type_11neuralcoref_11neuralcoref___pyx_scope_struct_17_to_bytes.tp_print = 0;
2023-04-16T15:41:29,495     ~~~~~~~~~~~~~~~~~~~~~~~~~~~~~~~~~~~~~~~~~~~~~~~~~~~~~~~~~~~~~~~~~~~~~ ^
2023-04-16T15:41:29,495   fatal error: too many errors emitted, stopping now [-ferror-limit=]
2023-04-16T15:41:29,543   3 warnings and 20 errors generated.
2023-04-16T15:41:29,549   error: command '/usr/bin/clang' failed with exit code 1
2023-04-16T15:41:29,572   ERROR: [present-rich] Running setup.py install for neuralcoref exited with 1
2023-04-16T15:41:29,574   [bold magenta]full command[/]: [blue]/Users/calvineng/opt/anaconda3/bin/python -u -c '
2023-04-16T15:41:29,574   exec(compile('"'"''"'"''"'"'
2023-04-16T15:41:29,574   # This is <pip-setuptools-caller> -- a caller that pip uses to run setup.py
2023-04-16T15:41:29,574   #
2023-04-16T15:41:29,574   # - It imports setuptools before invoking setup.py, to enable projects that directly
2023-04-16T15:41:29,574   #   import from `distutils.core` to work with newer packaging standards.
2023-04-16T15:41:29,574   # - It provides a clear error message when setuptools is not installed.
2023-04-16T15:41:29,574   # - It sets `sys.argv[0]` to the underlying `setup.py`, when invoking `setup.py` so
2023-04-16T15:41:29,574   #   setuptools doesn'"'"'t think the script is `-c`. This avoids the following warning:
2023-04-16T15:41:29,574   #     manifest_maker: standard file '"'"'-c'"'"' not found".
2023-04-16T15:41:29,574   # - It generates a shim setup.py, for handling setup.cfg-only projects.
2023-04-16T15:41:29,574   import os, sys, tokenize
2023-04-16T15:41:29,574   
2023-04-16T15:41:29,574   try:
2023-04-16T15:41:29,574       import setuptools
2023-04-16T15:41:29,574   except ImportError as error:
2023-04-16T15:41:29,574       print(
2023-04-16T15:41:29,574           "ERROR: Can not execute `setup.py` since setuptools is not available in "
2023-04-16T15:41:29,574           "the build environment.",
2023-04-16T15:41:29,574           file=sys.stderr,
2023-04-16T15:41:29,574       )
2023-04-16T15:41:29,574       sys.exit(1)
2023-04-16T15:41:29,574   
2023-04-16T15:41:29,574   __file__ = %r
2023-04-16T15:41:29,574   sys.argv[0] = __file__
2023-04-16T15:41:29,574   
2023-04-16T15:41:29,574   if os.path.exists(__file__):
2023-04-16T15:41:29,574       filename = __file__
2023-04-16T15:41:29,574       with tokenize.open(__file__) as f:
2023-04-16T15:41:29,574           setup_py_code = f.read()
2023-04-16T15:41:29,574   else:
2023-04-16T15:41:29,574       filename = "<auto-generated setuptools caller>"
2023-04-16T15:41:29,574       setup_py_code = "from setuptools import setup; setup()"
2023-04-16T15:41:29,574   
2023-04-16T15:41:29,574   exec(compile(setup_py_code, filename, "exec"))
2023-04-16T15:41:29,574   '"'"''"'"''"'"' % ('"'"'/private/var/folders/dg/lfh0pr6s18l0t4hm_q6nnb_m0000gn/T/pip-install-phprflvc/neuralcoref_6f73f17fcaa2405e98dad5148eecca84/setup.py'"'"',), "<pip-setuptools-caller>", "exec"))' install --record /private/var/folders/dg/lfh0pr6s18l0t4hm_q6nnb_m0000gn/T/pip-record-ms9cpwzy/install-record.txt --single-version-externally-managed --compile --install-headers /Users/calvineng/opt/anaconda3/include/python3.9/neuralcoref[/]
2023-04-16T15:41:29,574   [bold magenta]cwd[/]: /private/var/folders/dg/lfh0pr6s18l0t4hm_q6nnb_m0000gn/T/pip-install-phprflvc/neuralcoref_6f73f17fcaa2405e98dad5148eecca84/
2023-04-16T15:41:29,575 ERROR: [present-rich] <LegacyInstallFailure: legacy-install-failure>
2023-04-16T15:41:29,576 Exception information:
2023-04-16T15:41:29,576 Traceback (most recent call last):
2023-04-16T15:41:29,576   File "/Users/calvineng/opt/anaconda3/lib/python3.9/site-packages/pip/_internal/operations/install/legacy.py", line 97, in install
2023-04-16T15:41:29,576     runner(
2023-04-16T15:41:29,576   File "/Users/calvineng/opt/anaconda3/lib/python3.9/site-packages/pip/_internal/utils/subprocess.py", line 252, in runner
2023-04-16T15:41:29,576     call_subprocess(
2023-04-16T15:41:29,576   File "/Users/calvineng/opt/anaconda3/lib/python3.9/site-packages/pip/_internal/utils/subprocess.py", line 224, in call_subprocess
2023-04-16T15:41:29,576     raise error
2023-04-16T15:41:29,576 pip._internal.exceptions.InstallationSubprocessError: Running setup.py install for neuralcoref exited with 1
2023-04-16T15:41:29,576 
2023-04-16T15:41:29,576 The above exception was the direct cause of the following exception:
2023-04-16T15:41:29,576 
2023-04-16T15:41:29,576 Traceback (most recent call last):
2023-04-16T15:41:29,576   File "/Users/calvineng/opt/anaconda3/lib/python3.9/site-packages/pip/_internal/cli/base_command.py", line 160, in exc_logging_wrapper
2023-04-16T15:41:29,576     status = run_func(*args)
2023-04-16T15:41:29,576   File "/Users/calvineng/opt/anaconda3/lib/python3.9/site-packages/pip/_internal/cli/req_command.py", line 247, in wrapper
2023-04-16T15:41:29,576     return func(self, options, args)
2023-04-16T15:41:29,576   File "/Users/calvineng/opt/anaconda3/lib/python3.9/site-packages/pip/_internal/commands/install.py", line 507, in run
2023-04-16T15:41:29,576     installed = install_given_reqs(
2023-04-16T15:41:29,576   File "/Users/calvineng/opt/anaconda3/lib/python3.9/site-packages/pip/_internal/req/__init__.py", line 73, in install_given_reqs
2023-04-16T15:41:29,576     requirement.install(
2023-04-16T15:41:29,576   File "/Users/calvineng/opt/anaconda3/lib/python3.9/site-packages/pip/_internal/req/req_install.py", line 843, in install
2023-04-16T15:41:29,576     raise exc
2023-04-16T15:41:29,576   File "/Users/calvineng/opt/anaconda3/lib/python3.9/site-packages/pip/_internal/req/req_install.py", line 825, in install
2023-04-16T15:41:29,576     success = install_legacy(
2023-04-16T15:41:29,576   File "/Users/calvineng/opt/anaconda3/lib/python3.9/site-packages/pip/_internal/operations/install/legacy.py", line 109, in install
2023-04-16T15:41:29,576     raise LegacyInstallFailure(package_details=req_name) from e
2023-04-16T15:41:29,576 pip._internal.exceptions.LegacyInstallFailure: <LegacyInstallFailure: legacy-install-failure>
2023-04-16T15:41:29,583 Remote version of pip: 23.0.1
2023-04-16T15:41:29,583 Local version of pip:  23.0.1
2023-04-16T15:41:29,584 Was pip installed by pip? True
2023-04-16T15:41:29,584 Removed build tracker: '/private/var/folders/dg/lfh0pr6s18l0t4hm_q6nnb_m0000gn/T/pip-build-tracker-wg6f0141'
